{"contracts/RewardsToken.sol":{"l":{"7":252},"path":"/Users/yehorrudytsia/Downloads/base-hardhat-js-project-main (copy)/contracts/RewardsToken.sol","s":{"1":252},"b":{},"f":{"1":252},"fnMap":{"1":{"name":"constructor","line":6,"loc":{"start":{"line":6,"column":4},"end":{"line":8,"column":4}}}},"statementMap":{"1":{"start":{"line":7,"column":8},"end":{"line":7,"column":54}}},"branchMap":{}},"contracts/StakingRewards.sol":{"l":{"27":37,"28":37,"61":50,"62":50,"68":3,"72":3,"76":266,"80":234,"81":95,"83":139,"90":107,"96":83,"97":82,"98":82,"99":82,"103":4,"104":3,"105":3,"106":3,"107":3,"111":3,"112":3,"113":3,"114":3,"115":3,"120":1,"121":1,"130":37,"132":37,"133":37,"135":0,"136":0,"137":0,"144":37,"145":37,"147":37,"148":37,"149":37,"155":127,"156":127,"157":127,"158":90,"159":90,"161":127},"path":"/Users/yehorrudytsia/Downloads/base-hardhat-js-project-main (copy)/contracts/StakingRewards.sol","s":{"1":37,"2":50,"3":50,"4":3,"5":3,"6":266,"7":234,"8":95,"9":139,"10":107,"11":83,"12":82,"13":82,"14":82,"15":4,"16":3,"17":3,"18":3,"19":3,"20":3,"21":3,"22":3,"23":3,"24":3,"25":1,"26":1,"27":37,"28":37,"29":37,"30":0,"31":0,"32":0,"33":37,"34":37,"35":37,"36":37,"37":37,"38":127,"39":127,"40":127,"41":90,"42":90},"b":{"1":[37,0],"2":[95,139],"3":[82,1],"4":[3,1],"5":[3,0],"6":[37,0],"7":[37,0],"8":[37,0],"9":[90,37]},"f":{"1":37,"2":50,"3":3,"4":3,"5":266,"6":234,"7":107,"8":83,"9":4,"10":3,"11":1,"12":37,"13":127},"fnMap":{"1":{"name":"onlyRewardsDistribution","line":26,"loc":{"start":{"line":26,"column":4},"end":{"line":29,"column":4}}},"2":{"name":"constructor","line":57,"loc":{"start":{"line":57,"column":4},"end":{"line":63,"column":4}}},"3":{"name":"totalSupply","line":67,"loc":{"start":{"line":67,"column":4},"end":{"line":69,"column":4}}},"4":{"name":"balanceOf","line":71,"loc":{"start":{"line":71,"column":4},"end":{"line":73,"column":4}}},"5":{"name":"lastTimeRewardApplicable","line":75,"loc":{"start":{"line":75,"column":4},"end":{"line":77,"column":4}}},"6":{"name":"rewardPerToken","line":79,"loc":{"start":{"line":79,"column":4},"end":{"line":87,"column":4}}},"7":{"name":"earned","line":89,"loc":{"start":{"line":89,"column":4},"end":{"line":91,"column":4}}},"8":{"name":"stake","line":95,"loc":{"start":{"line":95,"column":4},"end":{"line":100,"column":4}}},"9":{"name":"withdraw","line":102,"loc":{"start":{"line":102,"column":4},"end":{"line":108,"column":4}}},"10":{"name":"getReward","line":110,"loc":{"start":{"line":110,"column":4},"end":{"line":117,"column":4}}},"11":{"name":"exit","line":119,"loc":{"start":{"line":119,"column":4},"end":{"line":122,"column":4}}},"12":{"name":"notifyRewardAmount","line":129,"loc":{"start":{"line":126,"column":4},"end":{"line":150,"column":4}}},"13":{"name":"updateReward","line":154,"loc":{"start":{"line":154,"column":4},"end":{"line":162,"column":4}}}},"statementMap":{"1":{"start":{"line":27,"column":8},"end":{"line":27,"column":95}},"2":{"start":{"line":61,"column":8},"end":{"line":61,"column":43}},"3":{"start":{"line":62,"column":8},"end":{"line":62,"column":49}},"4":{"start":{"line":68,"column":8},"end":{"line":68,"column":27}},"5":{"start":{"line":72,"column":8},"end":{"line":72,"column":33}},"6":{"start":{"line":76,"column":8},"end":{"line":76,"column":54}},"7":{"start":{"line":80,"column":8},"end":{"line":80,"column":2757}},"8":{"start":{"line":81,"column":12},"end":{"line":81,"column":39}},"9":{"start":{"line":83,"column":8},"end":{"line":83,"column":2846}},"10":{"start":{"line":90,"column":8},"end":{"line":90,"column":124}},"11":{"start":{"line":96,"column":8},"end":{"line":96,"column":47}},"12":{"start":{"line":97,"column":8},"end":{"line":97,"column":49}},"13":{"start":{"line":98,"column":8},"end":{"line":98,"column":67}},"14":{"start":{"line":99,"column":8},"end":{"line":99,"column":42}},"15":{"start":{"line":103,"column":8},"end":{"line":103,"column":47}},"16":{"start":{"line":104,"column":8},"end":{"line":104,"column":46}},"17":{"start":{"line":105,"column":8},"end":{"line":105,"column":64}},"18":{"start":{"line":106,"column":8},"end":{"line":106,"column":53}},"19":{"start":{"line":107,"column":8},"end":{"line":107,"column":42}},"20":{"start":{"line":111,"column":8},"end":{"line":111,"column":44}},"21":{"start":{"line":112,"column":8},"end":{"line":112,"column":4090}},"22":{"start":{"line":113,"column":12},"end":{"line":113,"column":34}},"23":{"start":{"line":114,"column":12},"end":{"line":114,"column":56}},"24":{"start":{"line":115,"column":12},"end":{"line":115,"column":47}},"25":{"start":{"line":120,"column":8},"end":{"line":120,"column":38}},"26":{"start":{"line":121,"column":8},"end":{"line":121,"column":18}},"27":{"start":{"line":130,"column":8},"end":{"line":130,"column":101}},"28":{"start":{"line":132,"column":8},"end":{"line":132,"column":4710}},"29":{"start":{"line":133,"column":12},"end":{"line":133,"column":51}},"30":{"start":{"line":135,"column":12},"end":{"line":135,"column":65}},"31":{"start":{"line":136,"column":12},"end":{"line":136,"column":56}},"32":{"start":{"line":137,"column":12},"end":{"line":137,"column":65}},"33":{"start":{"line":144,"column":8},"end":{"line":144,"column":60}},"34":{"start":{"line":145,"column":8},"end":{"line":145,"column":86}},"35":{"start":{"line":147,"column":8},"end":{"line":147,"column":39}},"36":{"start":{"line":148,"column":8},"end":{"line":148,"column":58}},"37":{"start":{"line":149,"column":8},"end":{"line":149,"column":46}},"38":{"start":{"line":155,"column":8},"end":{"line":155,"column":46}},"39":{"start":{"line":156,"column":8},"end":{"line":156,"column":50}},"40":{"start":{"line":157,"column":8},"end":{"line":157,"column":5876}},"41":{"start":{"line":158,"column":12},"end":{"line":158,"column":45}},"42":{"start":{"line":159,"column":12},"end":{"line":159,"column":65}}},"branchMap":{"1":{"line":27,"type":"if","locations":[{"start":{"line":27,"column":8},"end":{"line":27,"column":8}},{"start":{"line":27,"column":8},"end":{"line":27,"column":8}}]},"2":{"line":80,"type":"if","locations":[{"start":{"line":80,"column":8},"end":{"line":80,"column":8}},{"start":{"line":80,"column":8},"end":{"line":80,"column":8}}]},"3":{"line":96,"type":"if","locations":[{"start":{"line":96,"column":8},"end":{"line":96,"column":8}},{"start":{"line":96,"column":8},"end":{"line":96,"column":8}}]},"4":{"line":103,"type":"if","locations":[{"start":{"line":103,"column":8},"end":{"line":103,"column":8}},{"start":{"line":103,"column":8},"end":{"line":103,"column":8}}]},"5":{"line":112,"type":"if","locations":[{"start":{"line":112,"column":8},"end":{"line":112,"column":8}},{"start":{"line":112,"column":8},"end":{"line":112,"column":8}}]},"6":{"line":130,"type":"if","locations":[{"start":{"line":130,"column":8},"end":{"line":130,"column":8}},{"start":{"line":130,"column":8},"end":{"line":130,"column":8}}]},"7":{"line":132,"type":"if","locations":[{"start":{"line":132,"column":8},"end":{"line":132,"column":8}},{"start":{"line":132,"column":8},"end":{"line":132,"column":8}}]},"8":{"line":145,"type":"if","locations":[{"start":{"line":145,"column":8},"end":{"line":145,"column":8}},{"start":{"line":145,"column":8},"end":{"line":145,"column":8}}]},"9":{"line":157,"type":"if","locations":[{"start":{"line":157,"column":8},"end":{"line":157,"column":8}},{"start":{"line":157,"column":8},"end":{"line":157,"column":8}}]}}},"contracts/StakingRewardsFactory.sol":{"l":{"37":51,"38":51,"40":50,"41":50,"42":50,"43":50,"45":50,"49":2,"50":2,"52":1,"53":1,"55":1,"62":14,"63":13,"64":37,"71":37,"72":37,"74":37,"75":37,"76":37,"77":37,"78":37,"80":37,"84":37,"89":1,"90":1},"path":"/Users/yehorrudytsia/Downloads/base-hardhat-js-project-main (copy)/contracts/StakingRewardsFactory.sol","s":{"1":51,"2":51,"3":50,"4":50,"5":50,"6":50,"7":50,"8":2,"9":2,"10":1,"11":1,"12":1,"13":14,"14":13,"15":37,"16":37,"17":37,"18":37,"19":37,"20":37,"21":37,"22":37,"23":37,"24":37,"25":1,"26":1},"b":{"1":[50,1],"2":[1,1],"3":[13,1],"4":[37,0],"5":[37,0],"6":[37,0]},"f":{"1":63,"2":51,"3":2,"4":14,"5":37,"6":1},"fnMap":{"1":{"name":"constructor","line":30,"loc":{"start":{"line":30,"column":4},"end":{"line":30,"column":19}}},"2":{"name":"deploy","line":36,"loc":{"start":{"line":36,"column":4},"end":{"line":46,"column":4}}},"3":{"name":"update","line":48,"loc":{"start":{"line":48,"column":4},"end":{"line":56,"column":4}}},"4":{"name":"notifyRewardAmounts","line":61,"loc":{"start":{"line":61,"column":4},"end":{"line":66,"column":4}}},"5":{"name":"notifyRewardAmount","line":70,"loc":{"start":{"line":70,"column":4},"end":{"line":86,"column":4}}},"6":{"name":"pullExtraTokens","line":88,"loc":{"start":{"line":88,"column":4},"end":{"line":91,"column":4}}}},"statementMap":{"1":{"start":{"line":37,"column":8},"end":{"line":37,"column":86}},"2":{"start":{"line":38,"column":8},"end":{"line":38,"column":100}},"3":{"start":{"line":40,"column":8},"end":{"line":40,"column":84}},"4":{"start":{"line":41,"column":8},"end":{"line":41,"column":39}},"5":{"start":{"line":42,"column":8},"end":{"line":42,"column":38}},"6":{"start":{"line":43,"column":8},"end":{"line":43,"column":37}},"7":{"start":{"line":45,"column":8},"end":{"line":45,"column":63}},"8":{"start":{"line":49,"column":8},"end":{"line":49,"column":86}},"9":{"start":{"line":50,"column":8},"end":{"line":50,"column":96}},"10":{"start":{"line":52,"column":8},"end":{"line":52,"column":39}},"11":{"start":{"line":53,"column":8},"end":{"line":53,"column":38}},"12":{"start":{"line":55,"column":8},"end":{"line":55,"column":63}},"13":{"start":{"line":62,"column":8},"end":{"line":62,"column":112}},"14":{"start":{"line":63,"column":8},"end":{"line":63,"column":2643}},"15":{"start":{"line":64,"column":12},"end":{"line":64,"column":46}},"16":{"start":{"line":71,"column":8},"end":{"line":71,"column":86}},"17":{"start":{"line":72,"column":8},"end":{"line":72,"column":108}},"18":{"start":{"line":74,"column":8},"end":{"line":74,"column":3192}},"19":{"start":{"line":75,"column":12},"end":{"line":75,"column":49}},"20":{"start":{"line":76,"column":12},"end":{"line":76,"column":44}},"21":{"start":{"line":77,"column":12},"end":{"line":77,"column":32}},"22":{"start":{"line":78,"column":12},"end":{"line":78,"column":28}},"23":{"start":{"line":80,"column":12},"end":{"line":80,"column":3422}},"24":{"start":{"line":84,"column":12},"end":{"line":84,"column":89}},"25":{"start":{"line":89,"column":8},"end":{"line":89,"column":53}},"26":{"start":{"line":90,"column":8},"end":{"line":90,"column":43}}},"branchMap":{"1":{"line":38,"type":"if","locations":[{"start":{"line":38,"column":8},"end":{"line":38,"column":8}},{"start":{"line":38,"column":8},"end":{"line":38,"column":8}}]},"2":{"line":50,"type":"if","locations":[{"start":{"line":50,"column":8},"end":{"line":50,"column":8}},{"start":{"line":50,"column":8},"end":{"line":50,"column":8}}]},"3":{"line":62,"type":"if","locations":[{"start":{"line":62,"column":8},"end":{"line":62,"column":8}},{"start":{"line":62,"column":8},"end":{"line":62,"column":8}}]},"4":{"line":72,"type":"if","locations":[{"start":{"line":72,"column":8},"end":{"line":72,"column":8}},{"start":{"line":72,"column":8},"end":{"line":72,"column":8}}]},"5":{"line":74,"type":"if","locations":[{"start":{"line":74,"column":8},"end":{"line":74,"column":8}},{"start":{"line":74,"column":8},"end":{"line":74,"column":8}}]},"6":{"line":80,"type":"if","locations":[{"start":{"line":80,"column":12},"end":{"line":80,"column":12}},{"start":{"line":80,"column":12},"end":{"line":80,"column":12}}]}}}}